0:100  0:100  MemLog inited, TSC freq: 3192456030
0:100  0:000  CPU was calibrated with RTC
0:100  0:000  
0:100  0:000  Now is 12.6.2019,  7:54:48 (GMT)
0:100  0:000  Starting Clover revision: 4934 on American Megatrends EFI
0:100  0:000  Build with: [Args: -D NO_GRUB_DRIVERS_EMBEDDED | -D NO_GRUB_DRIVERS_EMBEDDED -D USE_LOW_EBDA -D HAVE_LEGACY_EMURUNTIMEDXE -a X64 -b RELEASE -t XCODE8 -n 5 | OS: 10.13.6 | XCODE: 10.1]
0:100  0:000  SelfDevicePath=PciRoot(0x0)\Pci(0x1B,0x0)\Pci(0x0,0x0)\NVMe(0x1,3C-9F-B8-44-8B-44-1B-00)\HD(1,GPT,322844C5-3547-4E81-B1E8-446C045B1A27,0x28,0x64000) @5828E718
0:100  0:000  SelfDirPath = \EFI\BOOT
0:100  0:000  === [ Get Smbios ] ========================================
0:100  0:000  Type 16 Index = 0
0:100  0:000  Total Memory Slots Count = 2
0:100  0:000  Type 17 Index = 0
0:100  0:000  SmbiosTable.Type17->Speed = 2667MHz
0:100  0:000  SmbiosTable.Type17->Size = 16384MB
0:100  0:000  SmbiosTable.Type17->Bank/Device = BANK 0 ChannelA-DIMM0
0:100  0:000  SmbiosTable.Type17->Vendor = 0898
0:100  0:000  SmbiosTable.Type17->SerialNumber = 1015DC95
0:100  0:000  SmbiosTable.Type17->PartNumber = KD4AGU880-26N160T   
0:100  0:000  Type 17 Index = 1
0:100  0:000  SmbiosTable.Type17->Speed = 2667MHz
0:100  0:000  SmbiosTable.Type17->Size = 16384MB
0:100  0:000  SmbiosTable.Type17->Bank/Device = BANK 2 ChannelB-DIMM0
0:100  0:000  SmbiosTable.Type17->Vendor = 0898
0:100  0:000  SmbiosTable.Type17->SerialNumber = 1015DD7B
0:100  0:000  SmbiosTable.Type17->PartNumber = KD4AGU880-26N160T   
0:100  0:000  Boot status=0
0:100  0:000  Running on: 'To Be Filled By O.E.M.' with board 'Z390 Phantom Gaming-ITX_ac'
0:100  0:000  === [ GetCPUProperties ] ==================================
0:100  0:000  CPU Vendor = 756E6547 Model=906EA
0:100  0:000   The CPU supported SSE4.1
0:100  0:000  BrandString = Intel(R) Core(TM) i7-8700 CPU @ 3.20GHz
0:100  0:000   The CPU supported turbo
0:100  0:000  MSR 0x35               6000C
0:100  0:000   TSC/CCC Information Leaf:
0:100  0:000    numerator     : 266
0:100  0:000    denominator   : 2
0:100  0:000   Calibrated ARTFrequency: 24003428
0:100  0:000  MSR 0xE2 before patch 00000000
0:100  0:000  MSR 0xCE              08080838_F1012000
0:100  0:000  corrected FLEX_RATIO = 0
0:100  0:000  MSR 0x1B0             00000000
0:100  0:000  FSBFrequency = 100 MHz, DMI FSBFrequency = 100 MHz, Corrected FSBFrequency = 100 MHz
0:100  0:000  MaxDiv/MinDiv: 32.0/8
0:100  0:000  Turbo: 43/44/45/46
0:100  0:000  Features: 0xBFEBFBFF
0:100  0:000  Threads: 12
0:100  0:000  Cores: 6
0:100  0:000  FSB: 100 MHz
0:100  0:000  CPU: 3199 MHz
0:100  0:000  TSC: 3199 MHz
0:100  0:000  PIS: 100 MHz
0:100  0:000  ExternalClock: 25 MHz
0:100  0:000  === [ GetDevices ] ========================================
0:100  0:000  PCI (00|00:00.00) : 8086 3EC2 class=060000
0:100  0:000  PCI (00|00:01.00) : 8086 1901 class=060400
0:100  0:000  PCI (00|00:02.00) : 8086 3E92 class=030000
0:100  0:000   - GFX: Model=Intel UHD Graphics 630 (Intel)
0:100  0:000  PCI (00|00:12.00) : 8086 A379 class=118000
0:100  0:000  PCI (00|00:14.00) : 8086 A36D class=0C0330
0:100  0:000  PCI (00|00:14.02) : 8086 A36F class=050000
0:100  0:000  PCI (00|00:16.00) : 8086 A360 class=078000
0:100  0:000  PCI (00|00:17.00) : 8086 A352 class=010601
0:100  0:000  PCI (00|00:1B.00) : 8086 A340 class=060400
0:100  0:000  PCI (00|02:00.00) : 15B7 5002 class=010802
0:100  0:000  PCI (00|00:1B.04) : 8086 A32C class=060400
0:100  0:000  PCI (00|00:1C.00) : 8086 A33D class=060400
0:100  0:000  PCI (00|3C:00.00) : 14E4 43A3 class=028000
0:100  0:000   - WIFI: Vendor=Broadcom
0:100  0:000  PCI (00|00:1D.00) : 8086 A330 class=060400
0:100  0:000  PCI (00|3D:00.00) : 15B7 5002 class=010802
0:100  0:000  PCI (00|00:1F.00) : 8086 A305 class=060100
0:100  0:000  PCI (00|00:1F.03) : 8086 A348 class=040300
0:100  0:000  PCI (00|00:1F.04) : 8086 A323 class=0C0500
0:101  0:000  PCI (00|00:1F.05) : 8086 A324 class=0C8000
0:101  0:000  PCI (00|00:1F.06) : 8086 15BC class=020000
0:101  0:000   - LAN: 0 Vendor=Intel
0:101  0:000  === [ GetDefaultSettings ] ================================
0:101  0:000  Clover load options size = 0 bytes
0:102  0:001  EFI\CLOVER\config.plist loaded: Success
0:102  0:000  === [ GetListOfThemes ] ===================================
0:102  0:000  - [00]: Clovy
0:103  0:001  - [01]: random
0:104  0:000  - [01]: embedded
0:104  0:000  === [ Found config plists ] ===============================
0:105  0:000  - config.plist
0:105  0:000  === [ GetEarlyUserSettings ] ==============================
0:105  0:000  timeout set to 1
0:105  0:000  Custom boot CUSTOM_BOOT_DISABLED (0x0)
0:105  0:000  KextsToPatch: 9 requested
0:105  0:000   - [00]: com.apple.driver.usb.AppleUSBXHCI (Port limit increase) :: MatchOS: 10.12.x :: BinPatch :: data len: 7
0:105  0:000   - patch disabled at config
0:105  0:000   - [01]: com.apple.driver.usb.AppleUSBXHCI (Port limit increase (RehabMan)) :: MatchOS: 10.13.x :: BinPatch :: data len: 10
0:105  0:000   - patch disabled at config
0:105  0:000   - [02]: com.apple.driver.usb.AppleUSBXHCI (change 15 port limit to 26 in XHCI kext (credit PMHeart)) :: MatchOS: 10.14.0 :: BinPatch :: data len: 9
0:105  0:000   - patch disabled at config
0:105  0:000   - [03]: com.apple.driver.usb.AppleUSBXHCI (USB Port limit patch 10.14.1 18B45d (credits Ricky)) :: MatchOS: 10.14.x :: BinPatch :: data len: 9
0:105  0:000   - patch disabled at config
0:105  0:000   - [04]: AppleAHCIPort (External Icons Patch) :: BinPatch :: data len: 8
0:105  0:000   - [05]: com.apple.iokit.IOUSBHostFamily (USB port limit patch #1 10.14.x modify by DalianSky(credit ydeng)) :: MatchOS: 10.14.x :: BinPatch :: data len: 4
0:105  0:000   - patch disabled at config
0:105  0:000   - [06]: com.apple.iokit.IOUSBHostFamily (USB port limit patch #2 10.14.x modify by DalianSky(credit PMHeart)) :: MatchOS: 10.14.x :: BinPatch :: data len: 4
0:105  0:000   - patch disabled at config
0:105  0:000   - [07]: com.apple.driver.usb.AppleUSBXHCI (USB Port limit patch #3 10.14.x modify by DalianSky(credits PMheart)) :: MatchOS: 10.14.x :: BinPatch :: data len: 4
0:105  0:000   - patch disabled at config
0:105  0:000   - [08]: com.apple.driver.usb.AppleUSBXHCI (USB Port limit patch #4 10.14.x modify by DalianSky(credits PMheart)) :: MatchOS: 10.14.x :: BinPatch :: data len: 4
0:105  0:000   - patch disabled at config
0:105  0:000  Default theme: random
0:105  0:000  Hiding entries with string Preboot
0:105  0:000  Hiding entries with string Recovery
0:105  0:000  === [ LoadDrivers ] =======================================
0:106  0:000  Loading HFSPlus.efi  status=Success
0:106  0:000   - driver needs connecting
0:106  0:000  Loading ApfsDriverLoader-64.efi  status=Success
0:107  0:000   - driver needs connecting
0:107  0:000  Loading EmuVariableUefi-64.efi  status=Success
0:108  0:000  EmuVariableUefi Initialize: VariableCommonInitialize = Success, orig services stored, install gEmuVariableControlProtocolGuid = Success
0:108  0:000  Loading AptioMemoryFix-64.efi  status=Success
0:109  0:000  2 drivers needs connecting ...
0:109  0:000  PlatformDriverOverrideProtocol not found. Installing ... Success
0:109  0:000  HFS+ driver loaded
0:109  0:000  APFS driver loaded
0:109  0:000  Searching for invalid DiskIo BY_DRIVER connects: not found, all ok
0:307  0:198  EmuVariable InstallEmulation: orig vars copied, emu.var.services installed, CreateEvent VirtualAddressChange = Success, CreateEvent ExitBootServices = Success, set Status=Success
0:328  0:020  === [ InitScreen ] ========================================
0:328  0:000  Console modes reported: 4, available modes:
0:328  0:000   - [01]: 80x25 (current mode)
0:328  0:000   - [02]: 128x40
0:328  0:000   - [03]: 100x31
0:328  0:000   - [04]: 480x113
0:328  0:000  SetMaxResolution: found best mode 4: 3840x2160
0:328  0:000   - already set
0:328  0:000  reinit: self device path=PciRoot(0x0)\Pci(0x1B,0x0)\Pci(0x0,0x0)\NVMe(0x1,3C-9F-B8-44-8B-44-1B-00)\HD(1,GPT,322844C5-3547-4E81-B1E8-446C045B1A27,0x28,0x64000)
0:329  0:000  Using embedded font: Success
0:330  0:000  === [ GetMacAddress ] =====================================
0:330  0:000   get legacy LAN MAC, 1 card found
0:330  0:000  Legacy MAC address of LAN #0= 70:85:C2:B7:31:60:
0:330  0:000  === [ ScanSPD ] ===========================================
0:330  0:000  Scanning SMBus [8086:A323], mmio: 0xCC838004, ioport: 0xEFA0, hostc: 0x1
0:348  0:018  Slot: 0 Type 26 16384MB 2666MHz Vendor=NoName PartNo=KD4AGU880-26N160T SerialNo=010001050D0C0905
0:367  0:018  Slot: 2 Type 26 16384MB 2666MHz Vendor=NoName PartNo=KD4AGU880-26N160T SerialNo=010001050D0D070B
0:368  0:000  === [ GetAcpiTablesList ] =================================
0:368  0:000  Get Acpi Tables List from RSDT:
0:368  0:000   - [00]: FACP  A M I  len=132
0:368  0:000   - [01]: APIC  A M I  len=244
0:368  0:000   - [02]: FPDT  A M I  len=68
0:368  0:000   - [03]: FIDT  A M I len=156
0:368  0:000   - [04]: MCFG  A M I  len=60
0:368  0:000   - [05]: SSDT  SataTabl len=888
0:368  0:000   - [06]: SSDT  CpuSsdt len=6940
0:368  0:000   - [07]: AAFT  OEMAAFT  len=552
0:368  0:000   - [08]: SSDT  SaSsdt  len=12742
0:368  0:000   - [09]: SSDT  PegSsdt len=8987
0:368  0:000   - [10]: HPET  A M I  len=56
0:368  0:000   - [11]: SSDT  xh_cfsd4 len=10576
0:368  0:000   - [12]: UEFI  A M I  len=66
0:368  0:000   - [13]: LPIT  A M I  len=92
0:368  0:000   - [14]: SSDT  TbtTypeC len=5346
0:368  0:000   - [15]: DBGP  A M I  len=52
0:368  0:000   - [16]: DBG2  A M I  len=84
0:368  0:000   - [17]: SSDT  UsbCTabl len=7015
0:368  0:000   - [18]: SSDT  ADebTabl len=324
0:368  0:000   - [19]: DMAR  EDK2     len=168
0:368  0:000   - [20]: BGRT  A M I  len=56
0:368  0:000   - [21]: WSMT  A M I  len=40
0:368  0:000  Calibrated TSC Frequency = 3192456030 = 3192MHz
0:368  0:000  === [ GetUserSettings ] ===================================
0:368  0:000  Add 1 devices:
0:368  0:000  USB FixOwnership: yes
0:368  0:000  Dropping 2 tables:
0:368  0:000   - [00]: Drop table  signature="DMAR" (52414D44)
0:368  0:000           - set table: 52414D44,                0 to drop: yes
0:368  0:000   - [01]: Drop table  signature="MATS" (5354414D)
0:368  0:000           - set table: 5354414D,                0 to drop: no
0:368  0:000   - final DSDT Fix mask=00060054
0:368  0:000  PatchesDSDT: 5 requested
0:368  0:000   - [00]: (change XHCI to XHC) lenToFind: 4, lenToReplace: 4, Target Bridge: <null string>
0:368  0:000   - [01]: (change XHC1 to XHC) lenToFind: 4, lenToReplace: 4, Target Bridge: <null string>
0:368  0:000   - [02]: (change SAT0 to SATA) lenToFind: 4, lenToReplace: 4, Target Bridge: <null string>
0:368  0:000   - [03]: (change GFX0 to IGPU) lenToFind: 4, lenToReplace: 4, Target Bridge: <null string>
0:368  0:000   - [04]: (Fix AsRock Z390 BIOS DSDT Device(RTC) bug. If BIOS > 1.2) lenToFind: 8, lenToReplace: 8, Target Bridge: <null string>
0:368  0:000  Using ProductName from config: iMac18,1
0:368  0:000  BiosVersion: not set, Using BiosVersion from clover
0:368  0:000  BiosVersion: IM181.88Z.F000.B00.1904111521
0:368  0:000  BiosReleaseDate: 04/11/2019
0:368  0:000  Using EfiVersion from clover: 172.0.0.0.0
0:368  0:000  Using FirmwareFeatures from clover: 0xFC0FE137
0:368  0:000  Using FirmwareFeaturesMask from clover: 0xFF1FFF3F
0:368  0:000  Using PlatformFeature from clover: 0x0
0:368  0:000  === [ Found DSDT tables ] =================================
0:437  0:068  === [ ScanVolumes ] =======================================
0:437  0:000  Found 9 volumes with blockIO
0:437  0:000  - [00]: Volume: PciRoot(0x0)\Pci(0x1B,0x0)\Pci(0x0,0x0)\NVMe(0x1,3C-9F-B8-44-8B-44-1B-00)
0:437  0:000  - [01]: Volume: PciRoot(0x0)\Pci(0x1B,0x0)\Pci(0x0,0x0)\NVMe(0x1,3C-9F-B8-44-8B-44-1B-00)\HD(1,GPT,322844C5-3547-4E81-B1E8-446C045B1A27,0x28,0x64000)
0:438  0:000          Result of bootcode detection: bootable unknown (legacy)
0:438  0:000          This is SelfVolume !!
0:438  0:000  - [02]: Volume: PciRoot(0x0)\Pci(0x1B,0x0)\Pci(0x0,0x0)\NVMe(0x1,3C-9F-B8-44-8B-44-1B-00)\HD(2,GPT,D6FBB790-186B-4C57-9FD3-145C280D3482,0x64028,0x3A321FE0)
0:438  0:000          Result of bootcode detection: bootable unknown (legacy)
0:438  0:000  - [03]: Volume: PciRoot(0x0)\Pci(0x1D,0x0)\Pci(0x0,0x0)\NVMe(0x1,CC-90-B8-44-8B-44-1B-00)
0:438  0:000  - [04]: Volume: PciRoot(0x0)\Pci(0x1D,0x0)\Pci(0x0,0x0)\NVMe(0x1,CC-90-B8-44-8B-44-1B-00)\HD(1,GPT,0202D654-17DB-4FC7-AFB4-749E95FD019B,0x64028,0x3A321FE0)
0:438  0:000          Result of bootcode detection: bootable unknown (legacy)
0:438  0:000  - [05]: Volume: PciRoot(0x0)\Pci(0x1B,0x0)\Pci(0x0,0x0)\NVMe(0x1,3C-9F-B8-44-8B-44-1B-00)\HD(2,GPT,D6FBB790-186B-4C57-9FD3-145C280D3482,0x64028,0x3A321FE0)\VenMedia(BE74FCF7-0B7C-49F3-9147-01F4042E6842,979EC7F39C58B246BC04C42153AC6A19)
0:438  0:000          hiding this volume
0:438  0:000  - [06]: Volume: PciRoot(0x0)\Pci(0x1B,0x0)\Pci(0x0,0x0)\NVMe(0x1,3C-9F-B8-44-8B-44-1B-00)\HD(2,GPT,D6FBB790-186B-4C57-9FD3-145C280D3482,0x64028,0x3A321FE0)\VenMedia(BE74FCF7-0B7C-49F3-9147-01F4042E6842,CBA83034F4EEA74D8FB95E26E4BA0191)
0:438  0:000  - [07]: Volume: PciRoot(0x0)\Pci(0x1B,0x0)\Pci(0x0,0x0)\NVMe(0x1,3C-9F-B8-44-8B-44-1B-00)\HD(2,GPT,D6FBB790-186B-4C57-9FD3-145C280D3482,0x64028,0x3A321FE0)\VenMedia(BE74FCF7-0B7C-49F3-9147-01F4042E6842,3200C54025A8714C86FA3C70381EB472)
0:438  0:000          hiding this volume
0:438  0:000  - [08]: Volume: PciRoot(0x0)\Pci(0x1B,0x0)\Pci(0x0,0x0)\NVMe(0x1,3C-9F-B8-44-8B-44-1B-00)\HD(2,GPT,D6FBB790-186B-4C57-9FD3-145C280D3482,0x64028,0x3A321FE0)\VenMedia(BE74FCF7-0B7C-49F3-9147-01F4042E6842,78BAE75EF94F224D95CBDE56C8378B41)
0:440  0:001  PutNvramPlistToRtVars: nvram.plist not found
0:440  0:000  No AudioIoProtocols, status=Not Found
0:440  0:000  === [ InitTheme ] =========================================
0:440  0:000  use night theme
0:454  0:014  Theme view-bounds: w=1366 h=768 units=px
0:454  0:000  using scale  2.812500
0:454  0:000  theme contains font-family=RobotoCondensed-Regular
1:092  0:638  Banner position at parse [0,0]
1:092  0:000  Banner position at parse [1770,275]
1:097  0:004  parsed banner->width=360
1:101  0:003   icon 9 not parsed take common icons\tool_part
1:101  0:000   icon 10 not parsed take common icons\tool_rescue
1:125  0:024   icon 15 not parsed take common icons\vol_firewire
1:175  0:049  main entry size = 405
1:177  0:002  icon main size=[405,405]
1:178  0:001  OSicon os_tiger not parsed
1:179  0:000  OSicon os_leo not parsed
1:179  0:000  OSicon os_snow not parsed
1:185  0:006  OSicon os_cougar not parsed
1:186  0:001  OSicon os_yos not parsed
1:198  0:011  OSicon os_freebsd not parsed
1:203  0:004  parsing theme finish
1:203  0:000  Using vector theme 'Clovy' (EFI\CLOVER\themes\Clovy)
1:203  0:000  file sound read: sound_night.wav Not Found
1:203  0:000    Channels: 2  Sample rate: 8000 Hz  Bits: 16
1:203  0:000  output to channel 0 with volume 70, len=126400
1:203  0:000   sound channels=2 bits=16 freq=8000
1:205  0:001  sound converted to 48kHz
1:205  0:000  not found AudioIo to play
1:205  0:000  free sound
1:205  0:000  sound play end with status=Not Found
1:205  0:000  theme inited
1:205  0:000  Chosen theme random
1:205  0:000  after NVRAM boot-args=keepsyms=1 dart=0 debug=0x100 -v shikigva=40 darkwake=8 
1:205  0:000  === [ Dump SMC keys from NVRAM ] ==========================
1:205  0:000  no AppleSMC protocol
1:205  0:000  === [ ScanLoader ] ========================================
1:205  0:000  - [01]: 'EFI'
1:208  0:003          AddLoaderEntry for Volume Name=EFI
1:208  0:000          skipped because entry is hidden
1:208  0:000  - [05]: 'Preboot', hidden
1:208  0:000  - [06]: 'M2_1'
1:274  0:065          AddLoaderEntry for Volume Name=M2_1
1:289  0:014      Check if volume Is Hibernated:
1:289  0:000      Check sleep image 'by signature':
1:309  0:020      read prefs \Library\Preferences\com.apple.PowerManagement.plist status=Success
1:309  0:000      using default sleep image name = \private\var\vm\sleepimage
1:319  0:010      sleepimage not found -> Not Found
1:319  0:000      hibernated: no - sign
1:347  0:027  - [07]: 'Recovery', hidden
1:347  0:000  - [08]: 'VM'
1:348  0:000  Scanning legacy ...
1:348  0:000  === [ AddCustomTool ] =====================================
1:348  0:000  found tool \EFI\CLOVER\tools\Shell64U.efi
1:348  0:000  Checking EFI partition Volume 1 for Clover
1:348  0:000   Found Clover
1:348  0:000  EmuVariable UninstallEmulation: CloseEvent = Success, original var services restored
1:354  0:005  EmuVariable InstallEmulation: orig vars copied, emu.var.services installed, CreateEvent VirtualAddressChange = Success, CreateEvent ExitBootServices = Success, set Status=Success
1:375  0:020  === [ GetEfiBootDeviceFromNvram ] =========================
1:375  0:000  Default boot entry not found
1:375  0:000  EmuVariable UninstallEmulation: CloseEvent = Success, original var services restored
1:375  0:000  DefaultIndex=-1 and MainMenu.EntryCount=7
1:375  0:000  Use anime=<null string> frames=0
1:788  0:413  GUI ready
